<?xml version="1.0" encoding="UTF-8"?>
<!-- Generated by org.testng.reporters.JUnitReportReporter -->
<testsuite hostname="LenovoRyzen" failures="0" tests="1" name="Academy.E2Eproject.HomePage" time="0.455" errors="0" timestamp="2022-01-20T20:59:49 IST" skipped="0">
  <testcase classname="Academy.E2Eproject.HomePage" name="basePageNavigation" time="0.455"/>
  <system-out/>
</testsuite> <!-- Academy.E2Eproject.HomePage -->
