<?xml version="1.0" encoding="UTF-8"?>
<!-- Generated by org.testng.reporters.JUnitReportReporter -->
<testsuite hostname="LenovoRyzen" failures="0" tests="1" name="Academy.E2Eproject.HomePageTest" time="0.967" errors="0" timestamp="2022-01-21T15:19:42 IST" skipped="0">
  <testcase classname="Academy.E2Eproject.HomePageTest" name="basePageNavigation" time="0.967"/>
  <system-out/>
</testsuite> <!-- Academy.E2Eproject.HomePageTest -->
